UtcTime: 2020-08-07 14:32:56.103
ProcessGuid: {297bc33e-65d0-5f2d-8207-000000000400}
ProcessId: 1648
Image: C:\Windows\System32\WindowsPowerShell\v1.0\powershell.exe
ImageLoaded: C:\Windows\System32\Wldap32.dll
FileVersion: 10.0.18362.449 (WinBuild.160101.0800)
Description: Win32 LDAP API DLL
Product: Microsoft® Windows® Operating System
Company: Microsoft Corporation
OriginalFileName: WLDAP32.DLL
Hashes: SHA1=FC578336307198EB7705E51CB41B7F8D1E7005F3,MD5=B5279E0D137AB95A787539323646954E,SHA256=E710817B205BE4D9F6857C62C2C8DB4995AD7D122B8C29552C6CD5DDC55FE78E,IMPHASH=F7AEA6F23FD3BA4DA0381D63C6FC222E
Signed: true
Signature: Microsoft Windows
SignatureStatus: Valid"
,12,,Microsoft-Windows-Sysmon/Operational,,,,2020-08-07 14:32:56.353,,,,,,,,,,,-,,,"Registry object added or deleted:
RuleName: -
EventType: CreateKey
UtcTime: 2020-08-07 14:32:56.353
ProcessGuid: {297bc33e-65d0-5f2d-8207-000000000400}
ProcessId: 1648
Image: C:\windows\System32\WindowsPowerShell\v1.0\powershell.exe
TargetObject: HKU\S-1-5-21-1363495622-3806888128-621328882-1104\Software\Microsoft\Windows\CurrentVersion\Internet Settings\Connections"
,10,,Microsoft-Windows-Sysmon/Operational,,,,2020-08-07 14:32:56.540,,,,C:\windows\system32\lsass.exe,C:\windows\System32\WindowsPowerShell\v1.0\powershell.exe,0x1000,,,,,-,,C:\windows\SYSTEM32\ntdll.dll+9d104|C:\windows\System32\RPCRT4.dll+2d2c4|C:\windows\system32\lsasrv.dll+176ae|C:\windows\SYSTEM32\SspiSrv.dll+1a72|C:\windows\System32\RPCRT4.dll+76953|C:\windows\System32\RPCRT4.dll+da036|C:\windows\System32\RPCRT4.dll+37a4c|C:\windows\System32\RPCRT4.dll+548c8|C:\windows\System32\RPCRT4.dll+2c921|C:\windows\System32\RPCRT4.dll+2c1db|C:\windows\System32\RPCRT4.dll+1a86f|C:\windows\System32\RPCRT4.dll+19d1a|C:\windows\System32\RPCRT4.dll+19301|C:\windows\System32\RPCRT4.dll+18d6e|C:\windows\System32\RPCRT4.dll+169a5|C:\windows\SYSTEM32\ntdll.dll+333ed|C:\windows\SYSTEM32\ntdll.dll+34142|C:\windows\System32\KERNEL32.DLL+17bd4|C:\windows\SYSTEM32\ntdll.dll+6ce51,"Process accessed:
RuleName: -
UtcTime: 2020-08-07 14:32:56.540
SourceProcessGUID: {297bc33e-5c2e-5f2b-0c00-000000000400}
SourceProcessId: 768
SourceThreadId: 2948
SourceImage: C:\windows\system32\lsass.exe
TargetProcessGUID: {297bc33e-65d0-5f2d-8207-000000000400}
TargetProcessId: 1648
TargetImage: C:\windows\System32\WindowsPowerShell\v1.0\powershell.exe
GrantedAccess: 0x1000
CallTrace: C:\windows\SYSTEM32\ntdll.dll+9d104|C:\windows\System32\RPCRT4.dll+2d2c4|C:\windows\system32\lsasrv.dll+176ae|C:\windows\SYSTEM32\SspiSrv.dll+1a72|C:\windows\System32\RPCRT4.dll+76953|C:\windows\System32\RPCRT4.dll+da036|C:\windows\System32\RPCRT4.dll+37a4c|C:\windows\System32\RPCRT4.dll+548c8|C:\windows\System32\RPCRT4.dll+2c921|C:\windows\System32\RPCRT4.dll+2c1db|C:\windows\System32\RPCRT4.dll+1a86f|C:\windows\System32\RPCRT4.dll+19d1a|C:\windows\System32\RPCRT4.dll+19301|C:\windows\System32\RPCRT4.dll+18d6e|C:\windows\System32\RPCRT4.dll+169a5|C:\windows\SYSTEM32\ntdll.dll+333ed|C:\windows\SYSTEM32\ntdll.dll+34142|C:\windows\System32\KERNEL32.DLL+17bd4|C:\windows\SYSTEM32\ntdll.dll+6ce51"
,10,,Microsoft-Windows-Sysmon/Operational,,,,2020-08-07 14:32:56.540,,,,C:\windows\system32\lsass.exe,C:\windows\System32\WindowsPowerShell\v1.0\powershell.exe,0x1478,,,,,-,,C:\windows\SYSTEM32\ntdll.dll+9c534|C:\windows\system32\lsasrv.dll+1792a|C:\windows\system32\lsasrv.dll+184bf|C:\windows\system32\lsasrv.dll+17783|C:\windows\SYSTEM32\SspiSrv.dll+1a72|C:\windows\System32\RPCRT4.dll+76953|C:\windows\System32\RPCRT4.dll+da036|C:\windows\System32\RPCRT4.dll+37a4c|C:\windows\System32\RPCRT4.dll+548c8|C:\windows\System32\RPCRT4.dll+2c921|C:\windows\System32\RPCRT4.dll+2c1db|C:\windows\System32\RPCRT4.dll+1a86f|C:\windows\System32\RPCRT4.dll+19d1a|C:\windows\System32\RPCRT4.dll+19301|C:\windows\System32\RPCRT4.dll+18d6e|C:\windows\System32\RPCRT4.dll+169a5|C:\windows\SYSTEM32\ntdll.dll+333ed|C:\windows\SYSTEM32\ntdll.dll+34142|C:\windows\System32\KERNEL32.DLL+17bd4|C:\windows\SYSTEM32\ntdll.dll+6ce51,"Process accessed:
RuleName: -
UtcTime: 2020-08-07 14:32:56.540
SourceProcessGUID: {297bc33e-5c2e-5f2b-0c00-000000000400}
SourceProcessId: 768
SourceThreadId: 2948
SourceImage: C:\windows\system32\lsass.exe
TargetProcessGUID: {297bc33e-65d0-5f2d-8207-000000000400}
TargetProcessId: 1648
TargetImage: C:\windows\System32\WindowsPowerShell\v1.0\powershell.exe
GrantedAccess: 0x1478
CallTrace: C:\windows\SYSTEM32\ntdll.dll+9c534|C:\windows\system32\lsasrv.dll+1792a|C:\windows\system32\lsasrv.dll+184bf|C:\windows\system32\lsasrv.dll+17783|C:\windows\SYSTEM32\SspiSrv.dll+1a72|C:\windows\System32\RPCRT4.dll+76953|C:\windows\System32\RPCRT4.dll+da036|C:\windows\System32\RPCRT4.dll+37a4c|C:\windows\System32\RPCRT4.dll+548c8|C:\windows\System32\RPCRT4.dll+2c921|C:\windows\System32\RPCRT4.dll+2c1db|C:\windows\System32\RPCRT4.dll+1a86f|C:\windows\System32\RPCRT4.dll+19d1a|C:\windows\System32\RPCRT4.dll+19301|C:\windows\System32\RPCRT4.dll+18d6e|C:\windows\System32\RPCRT4.dll+169a5|C:\windows\SYSTEM32\ntdll.dll+333ed|C:\windows\SYSTEM32\ntdll.dll+34142|C:\windows\System32\KERNEL32.DLL+17bd4|C:\windows\SYSTEM32\ntdll.dll+6ce51"
,7,,Microsoft-Windows-Sysmon/Operational,,,,2020-08-07 14:32:56.540,,,,,,,,,,,-,,,"Image loaded:
RuleName: -
UtcTime: 2020-08-07 14:32:56.540
ProcessGuid: {297bc33e-65d0-5f2d-8207-000000000400}
ProcessId: 1648
Image: C:\Windows\System32\WindowsPowerShell\v1.0\powershell.exe
ImageLoaded: C:\Windows\System32\dssenh.dll
FileVersion: 10.0.18362.1 (WinBuild.160101.0800)
Description: Microsoft Enhanced DSS and Diffie-Hellman Cryptographic Provider
Product: Microsoft® Windows® Operating System
Company: Microsoft Corporation
OriginalFileName: dssenh.dll
Hashes: SHA1=D2169A0A9A2A019DDC453B49DDC0EDC419C7CD6F,MD5=248A20F70D8DB28212A8B78FDCA60E8B,SHA256=12D80F08CD33B9EE1DF9D7091329B7441B086FEAFA396398435EF7A2C963FAFF,IMPHASH=2D5A423FA71917D747B395A8EEA71F89
Signed: true
Signature: Microsoft Windows
SignatureStatus: Valid"
,7,,Microsoft-Windows-Sysmon/Operational,,,,2020-08-07 14:32:56.540,,,,,,,,,,,-,,,"Image loaded:
RuleName: -
UtcTime: 2020-08-07 14:32:56.540
ProcessGuid: {297bc33e-65d0-5f2d-8207-000000000400}
ProcessId: 1648
Image: C:\Windows\System32\WindowsPowerShell\v1.0\powershell.exe
ImageLoaded: C:\Windows\System32\vaultcli.dll
FileVersion: 10.0.18362.959 (WinBuild.160101.0800)
Description: Credential Vault Client Library
Product: Microsoft® Windows® Operating System
Company: Microsoft Corporation
OriginalFileName: vaultcli.dll
Hashes: SHA1=41D6E56CDD1BD745305B55033DE6D71A0C816A2A,MD5=A750374BAAA96BDA7CB3B772C67446D6,SHA256=BB2899DF3D213D2576FFDAD1C85882BDA08B0920FD5FCCC8A798C4C39030AFAC,IMPHASH=049C44E17034082CE0064BAFC2524399
Signed: true
Signature: Microsoft Windows
SignatureStatus: Valid"
,7,,Microsoft-Windows-Sysmon/Operational,,,,2020-08-07 14:32:56.540,,,,,,,,,,,-,,,"Image loaded:
RuleName: -
UtcTime: 2020-08-07 14:32:56.540
ProcessGuid: {297bc33e-65d0-5f2d-8207-000000000400}
ProcessId: 1648
Image: C:\Windows\System32\WindowsPowerShell\v1.0\powershell.exe
ImageLoaded: C:\Windows\System32\WinTypes.dll
FileVersion: 10.0.18362.900 (WinBuild.160101.0800)
Description: Windows Base Types DLL
Product: Microsoft® Windows® Operating System
Company: Microsoft Corporation
OriginalFileName: WinTypes.dll
Hashes: SHA1=07F94F6DEA4D7DF794A9AF37FEBD99C9933F735B,MD5=CF0ED3093181ECD7EFA7C438028C933F,SHA256=666DCE82A043ACC4BA40F4BC5CAA008FDA6EA0F4096DB11CB28E885D12174FB0,IMPHASH=554A9752315AC45D1DA4038F3CB03786
Signed: true
Signature: Microsoft Windows
SignatureStatus: Valid"
,10,,Microsoft-Windows-Sysmon/Operational,,,,2020-08-07 14:32:56.540,,,,C:\windows\System32\WindowsPowerShell\v1.0\powershell.exe,C:\windows\system32\lsass.exe,0x1010,,,,,-,,C:\windows\SYSTEM32\ntdll.dll+9c534|C:\windows\System32\KERNELBASE.dll+2726e|UNKNOWN(000002EE319439BF),"Process accessed:
RuleName: -
UtcTime: 2020-08-07 14:32:56.540
SourceProcessGUID: {297bc33e-65d0-5f2d-8207-000000000400}
SourceProcessId: 1648
SourceThreadId: 7324
SourceImage: C:\windows\System32\WindowsPowerShell\v1.0\powershell.exe
TargetProcessGUID: {297bc33e-5c2e-5f2b-0c00-000000000400}
TargetProcessId: 768
TargetImage: C:\windows\system32\lsass.exe
GrantedAccess: 0x1010
CallTrace: C:\windows\SYSTEM32\ntdll.dll+9c534|C:\windows\System32\KERNELBASE.dll+2726e|UNKNOWN(000002EE319439BF)"
,3,,Microsoft-Windows-Sysmon/Operational,,,,2020-08-07 14:32:56.281,C:\Windows\System32\WindowsPowerShell\v1.0\powershell.exe,,,,,,10.10.10.5,80,,THESHIRE\pgustavo,-,,,"Network connection detected:
RuleName: -
UtcTime: 2020-08-07 14:32:56.281
ProcessGuid: {297bc33e-65d0-5f2d-8207-000000000400}
ProcessId: 1648
Image: C:\Windows\System32\WindowsPowerShell\v1.0\powershell.exe
User: THESHIRE\pgustavo
Protocol: tcp
Initiated: true
SourceIsIpv6: false
SourceIp: 172.18.39.5
SourceHostname: -
SourcePort: 65386
SourcePortName: -
DestinationIsIpv6: false
DestinationIp: 10.10.10.5
DestinationHostname: -
DestinationPort: 80
DestinationPortName: -"
,10,,Microsoft-Windows-Sysmon/Operational,,,,2020-08-07 14:33:00.009,,,,C:\windows\system32\svchost.exe,C:\windows\System32\svchost.exe,0x1000,,,,,-,,C:\windows\SYSTEM32\ntdll.dll+9c534|C:\windows\System32\KERNELBASE.dll+6a7f5|c:\windows\system32\lsm.dll+10225|C:\windows\System32\RPCRT4.dll+76953|C:\windows\System32\RPCRT4.dll+da036|C:\windows\System32\RPCRT4.dll+37a4c|C:\windows\System32\RPCRT4.dll+548c8|C:\windows\System32\RPCRT4.dll+2c921|C:\windows\System32\RPCRT4.dll+2c1db|C:\windows\System32\RPCRT4.dll+1a86f|C:\windows\System32\RPCRT4.dll+19d1a|C:\windows\System32\RPCRT4.dll+19301|C:\windows\System32\RPCRT4.dll+18d6e|C:\windows\System32\RPCRT4.dll+169a5|C:\windows\SYSTEM32\ntdll.dll+333ed|C:\windows\SYSTEM32\ntdll.dll+34142|C:\windows\System32\KERNEL32.DLL+17bd4|C:\windows\SYSTEM32\ntdll.dll+6ce51,"Process accessed:
RuleName: -
UtcTime: 2020-08-07 14:33:00.009
SourceProcessGUID: {297bc33e-5c2f-5f2b-1200-000000000400}
SourceProcessId: 452
SourceThreadId: 7584
SourceImage: C:\windows\system32\svchost.exe
TargetProcessGUID: {297bc33e-5c35-5f2b-4700-000000000400}
TargetProcessId: 3140
TargetImage: C:\windows\System32\svchost.exe
GrantedAccess: 0x1000
CallTrace: C:\windows\SYSTEM32\ntdll.dll+9c534|C:\windows\System32\KERNELBASE.dll+6a7f5|c:\windows\system32\lsm.dll+10225|C:\windows\System32\RPCRT4.dll+76953|C:\windows\System32\RPCRT4.dll+da036|C:\windows\System32\RPCRT4.dll+37a4c|C:\windows\System32\RPCRT4.dll+548c8|C:\windows\System32\RPCRT4.dll+2c921|C:\windows\System32\RPCRT4.dll+2c1db|C:\windows\System32\RPCRT4.dll+1a86f|C:\windows\System32\RPCRT4.dll+19d1a|C:\windows\System32\RPCRT4.dll+19301|C:\windows\System32\RPCRT4.dll+18d6e|C:\windows\System32\RPCRT4.dll+169a5|C:\windows\SYSTEM32\ntdll.dll+333ed|C:\windows\SYSTEM32\ntdll.dll+34142|C:\windows\System32\KERNEL32.DLL+17bd4|C:\windows\SYSTEM32\ntdll.dll+6ce51"
,7,,Microsoft-Windows-Sysmon/Operational,,,,2020-08-07 14:33:00.019,,,,,,,,,,,-,,,"Image loaded:
RuleName: -
UtcTime: 2020-08-07 14:33:00.019
ProcessGuid: {9f85ce58-5a6a-5f2b-a900-000000000400}
ProcessId: 3052
Image: C:\Windows\System32\svchost.exe
ImageLoaded: C:\Windows\System32\perfos.dll
FileVersion: 10.0.17763.1 (WinBuild.160101.0800)
Description: Windows System Performance Objects DLL
Product: Microsoft® Windows® Operating System
Company: Microsoft Corporation
OriginalFileName: PERFOS.DLL
Hashes: SHA1=3A839A656D9DCEDFCDFDF58AC4D923E387E671B9,MD5=E104BA77D289204B5165BBB27473F037,SHA256=9773FB5BB1A3B0D49EA900A0E840173BE876EC727711678C6A4220DDAE651E9D,IMPHASH=FCF3B3FD2696F782C0B8AB6A6DB4B2B6
Signed: true
Signature: Microsoft Windows
SignatureStatus: Valid"
,10,,Microsoft-Windows-Sysmon/Operational,,,,2020-08-07 14:33:00.009,,,,C:\windows\system32\svchost.exe,C:\windows\System32\svchost.exe,0x1000,,,,,-,,C:\windows\SYSTEM32\ntdll.dll+9c534|C:\windows\System32\KERNELBASE.dll+6a7f5|c:\windows\system32\lsm.dll+108a0|C:\windows\System32\RPCRT4.dll+76953|C:\windows\System32\RPCRT4.dll+da036|C:\windows\System32\RPCRT4.dll+37a4c|C:\windows\System32\RPCRT4.dll+548c8|C:\windows\System32\RPCRT4.dll+2c921|C:\windows\System32\RPCRT4.dll+2c1db|C:\windows\System32\RPCRT4.dll+1a86f|C:\windows\System32\RPCRT4.dll+19d1a|C:\windows\System32\RPCRT4.dll+19301|C:\windows\System32\RPCRT4.dll+18d6e|C:\windows\System32\RPCRT4.dll+169a5|C:\windows\SYSTEM32\ntdll.dll+333ed|C:\windows\SYSTEM32\ntdll.dll+34142|C:\windows\System32\KERNEL32.DLL+17bd4|C:\windows\SYSTEM32\ntdll.dll+6ce51,"Process accessed:
RuleName: -
UtcTime: 2020-08-07 14:33:00.009
SourceProcessGUID: {297bc33e-5c2f-5f2b-1200-000000000400}
SourceProcessId: 452
SourceThreadId: 7584
SourceImage: C:\windows\system32\svchost.exe
TargetProcessGUID: {297bc33e-5c35-5f2b-4700-000000000400}
TargetProcessId: 3140
TargetImage: C:\windows\System32\svchost.exe
GrantedAccess: 0x1000
CallTrace: C:\windows\SYSTEM32\ntdll.dll+9c534|C:\windows\System32\KERNELBASE.dll+6a7f5|c:\windows\system32\lsm.dll+108a0|C:\windows\System32\RPCRT4.dll+76953|C:\windows\System32\RPCRT4.dll+da036|C:\windows\System32\RPCRT4.dll+37a4c|C:\windows\System32\RPCRT4.dll+548c8|C:\windows\System32\RPCRT4.dll+2c921|C:\windows\System32\RPCRT4.dll+2c1db|C:\windows\System32\RPCRT4.dll+1a86f|C:\windows\System32\RPCRT4.dll+19d1a|C:\windows\System32\RPCRT4.dll+19301|C:\windows\System32\RPCRT4.dll+18d6e|C:\windows\System32\RPCRT4.dll+169a5|C:\windows\SYSTEM32\ntdll.dll+333ed|C:\windows\SYSTEM32\ntdll.dll+34142|C:\windows\System32\KERNEL32.DLL+17bd4|C:\windows\SYSTEM32\ntdll.dll+6ce51"
,10,,Microsoft-Windows-Sysmon/Operational,,,,2020-08-07 14:33:00.009,,,,C:\windows\system32\svchost.exe,C:\windows\System32\svchost.exe,0x1000,,,,,-,,C:\windows\SYSTEM32\ntdll.dll+9c534|C:\windows\System32\KERNELBASE.dll+6a7f5|c:\windows\system32\lsm.dll+106fe|C:\windows\System32\RPCRT4.dll+76953|C:\windows\System32\RPCRT4.dll+da036|C:\windows\System32\RPCRT4.dll+37a4c|C:\windows\System32\RPCRT4.dll+548c8|C:\windows\System32\RPCRT4.dll+2c921|C:\windows\System32\RPCRT4.dll+2c1db|C:\windows\System32\RPCRT4.dll+1a86f|C:\windows\System32\RPCRT4.dll+19d1a|C:\windows\System32\RPCRT4.dll+19301|C:\windows\System32\RPCRT4.dll+18d6e|C:\windows\System32\RPCRT4.dll+169a5|C:\windows\SYSTEM32\ntdll.dll+333ed|C:\windows\SYSTEM32\ntdll.dll+34142|C:\windows\System32\KERNEL32.DLL+17bd4|C:\windows\SYSTEM32\ntdll.dll+6ce51,"Process accessed:
RuleName: -
UtcTime: 2020-08-07 14:33:00.009
SourceProcessGUID: {297bc33e-5c2f-5f2b-1200-000000000400}
SourceProcessId: 452
SourceThreadId: 7584
SourceImage: C:\windows\system32\svchost.exe
TargetProcessGUID: {297bc33e-5c35-5f2b-4700-000000000400}
TargetProcessId: 3140
TargetImage: C:\windows\System32\svchost.exe
GrantedAccess: 0x1000
CallTrace: C:\windows\SYSTEM32\ntdll.dll+9c534|C:\windows\System32\KERNELBASE.dll+6a7f5|c:\windows\system32\lsm.dll+106fe|C:\windows\System32\RPCRT4.dll+76953|C:\windows\System32\RPCRT4.dll+da036|C:\windows\System32\RPCRT4.dll+37a4c|C:\windows\System32\RPCRT4.dll+548c8|C:\windows\System32\RPCRT4.dll+2c921|C:\windows\System32\RPCRT4.dll+2c1db|C:\windows\System32\RPCRT4.dll+1a86f|C:\windows\System32\RPCRT4.dll+19d1a|C:\windows\System32\RPCRT4.dll+19301|C:\windows\System32\RPCRT4.dll+18d6e|C:\windows\System32\RPCRT4.dll+169a5|C:\windows\SYSTEM32\ntdll.dll+333ed|C:\windows\SYSTEM32\ntdll.dll+34142|C:\windows\System32\KERNEL32.DLL+17bd4|C:\windows\SYSTEM32\ntdll.dll+6ce51"
,10,,Microsoft-Windows-Sysmon/Operational,,,,2020-08-07 14:33:00.009,,,,C:\windows\system32\svchost.exe,C:\windows\System32\svchost.exe,0x1000,,,,,-,,C:\windows\SYSTEM32\ntdll.dll+9c534|C:\windows\System32\KERNELBASE.dll+6a7f5|c:\windows\system32\lsm.dll+f6ba|C:\windows\System32\RPCRT4.dll+76953|C:\windows\System32\RPCRT4.dll+da036|C:\windows\System32\RPCRT4.dll+37a4c|C:\windows\System32\RPCRT4.dll+548c8|C:\windows\System32\RPCRT4.dll+2c921|C:\windows\System32\RPCRT4.dll+2c1db|C:\windows\System32\RPCRT4.dll+1a86f|C:\windows\System32\RPCRT4.dll+19d1a|C:\windows\System32\RPCRT4.dll+19301|C:\windows\System32\RPCRT4.dll+18d6e|C:\windows\System32\RPCRT4.dll+169a5|C:\windows\SYSTEM32\ntdll.dll+333ed|C:\windows\SYSTEM32\ntdll.dll+34142|C:\windows\System32\KERNEL32.DLL+17bd4|C:\windows\SYSTEM32\ntdll.dll+6ce51,"Process accessed:
RuleName: -
UtcTime: 2020-08-07 14:33:00.009
SourceProcessGUID: {297bc33e-5c2f-5f2b-1200-000000000400}
SourceProcessId: 452
SourceThreadId: 2732
SourceImage: C:\windows\system32\svchost.exe
TargetProcessGUID: {297bc33e-5c35-5f2b-4700-000000000400}
TargetProcessId: 3140
TargetImage: C:\windows\System32\svchost.exe
GrantedAccess: 0x1000
CallTrace: C:\windows\SYSTEM32\ntdll.dll+9c534|C:\windows\System32\KERNELBASE.dll+6a7f5|c:\windows\system32\lsm.dll+f6ba|C:\windows\System32\RPCRT4.dll+76953|C:\windows\System32\RPCRT4.dll+da036|C:\windows\System32\RPCRT4.dll+37a4c|C:\windows\System32\RPCRT4.dll+548c8|C:\windows\System32\RPCRT4.dll+2c921|C:\windows\System32\RPCRT4.dll+2c1db|C:\windows\System32\RPCRT4.dll+1a86f|C:\windows\System32\RPCRT4.dll+19d1a|C:\windows\System32\RPCRT4.dll+19301|C:\windows\System32\RPCRT4.dll+18d6e|C:\windows\System32\RPCRT4.dll+169a5|C:\windows\SYSTEM32\ntdll.dll+333ed|C:\windows\SYSTEM32\ntdll.dll+34142|C:\windows\System32\KERNEL32.DLL+17bd4|C:\windows\SYSTEM32\ntdll.dll+6ce51"
,10,,Microsoft-Windows-Sysmon/Operational,,,,2020-08-07 14:33:00.009,,,,C:\windows\system32\svchost.exe,C:\windows\System32\svchost.exe,0x1000,,,,,-,,C:\windows\SYSTEM32\ntdll.dll+9c534|C:\windows\System32\KERNELBASE.dll+6a7f5|c:\windows\system32\lsm.dll+f97f|c:\windows\system32\lsm.dll+f7ad|C:\windows\System32\RPCRT4.dll+76953|C:\windows\System32\RPCRT4.dll+da036|C:\windows\System32\RPCRT4.dll+37a4c|C:\windows\System32\RPCRT4.dll+548c8|C:\windows\System32\RPCRT4.dll+2c921|C:\windows\System32\RPCRT4.dll+2c1db|C:\windows\System32\RPCRT4.dll+1a86f|C:\windows\System32\RPCRT4.dll+19d1a|C:\windows\System32\RPCRT4.dll+19301|C:\windows\System32\RPCRT4.dll+18d6e|C:\windows\System32\RPCRT4.dll+169a5|C:\windows\SYSTEM32\ntdll.dll+333ed|C:\windows\SYSTEM32\ntdll.dll+34142|C:\windows\System32\KERNEL32.DLL+17bd4|C:\windows\SYSTEM32\ntdll.dll+6ce51,"Process accessed:
RuleName: -
UtcTime: 2020-08-07 14:33:00.009
SourceProcessGUID: {297bc33e-5c2f-5f2b-1200-000000000400}
SourceProcessId: 452
SourceThreadId: 2732
SourceImage: C:\windows\system32\svchost.exe
TargetProcessGUID: {297bc33e-5c35-5f2b-4700-000000000400}
TargetProcessId: 3140
TargetImage: C:\windows\System32\svchost.exe
GrantedAccess: 0x1000
CallTrace: C:\windows\SYSTEM32\ntdll.dll+9c534|C:\windows\System32\KERNELBASE.dll+6a7f5|c:\windows\system32\lsm.dll+f97f|c:\windows\system32\lsm.dll+f7ad|C:\windows\System32\RPCRT4.dll+76953|C:\windows\System32\RPCRT4.dll+da036|C:\windows\System32\RPCRT4.dll+37a4c|C:\windows\System32\RPCRT4.dll+548c8|C:\windows\System32\RPCRT4.dll+2c921|C:\windows\System32\RPCRT4.dll+2c1db|C:\windows\System32\RPCRT4.dll+1a86f|C:\windows\System32\RPCRT4.dll+19d1a|C:\windows\System32\RPCRT4.dll+19301|C:\windows\System32\RPCRT4.dll+18d6e|C:\windows\System32\RPCRT4.dll+169a5|C:\windows\SYSTEM32\ntdll.dll+333ed|C:\windows\SYSTEM32\ntdll.dll+34142|C:\windows\System32\KERNEL32.DLL+17bd4|C:\windows\SYSTEM32\ntdll.dll+6ce51"
,10,,Microsoft-Windows-Sysmon/Operational,,,,2020-08-07 14:33:00.009,,,,C:\windows\system32\svchost.exe,C:\windows\System32\svchost.exe,0x1000,,,,,-,,C:\windows\SYSTEM32\ntdll.dll+9c534|C:\windows\System32\KERNELBASE.dll+6a7f5|c:\windows\system32\lsm.dll+f6ba|C:\windows\System32\RPCRT4.dll+76953|C:\windows\System32\RPCRT4.dll+da036|C:\windows\System32\RPCRT4.dll+37a4c|C:\windows\System32\RPCRT4.dll+548c8|C:\windows\System32\RPCRT4.dll+2c921|C:\windows\System32\RPCRT4.dll+2c1db|C:\windows\System32\RPCRT4.dll+1a86f|C:\windows\System32\RPCRT4.dll+19d1a|C:\windows\System32\RPCRT4.dll+19301|C:\windows\System32\RPCRT4.dll+18d6e|C:\windows\System32\RPCRT4.dll+169a5|C:\windows\SYSTEM32\ntdll.dll+333ed|C:\windows\SYSTEM32\ntdll.dll+34142|C:\windows\System32\KERNEL32.DLL+17bd4|C:\windows\SYSTEM32\ntdll.dll+6ce51,"Process accessed:
RuleName: -
UtcTime: 2020-08-07 14:33:00.009
SourceProcessGUID: {297bc33e-5c2f-5f2b-1200-000000000400}
SourceProcessId: 452
SourceThreadId: 2732
SourceImage: C:\windows\system32\svchost.exe
TargetProcessGUID: {297bc33e-5c35-5f2b-4700-000000000400}
TargetProcessId: 3140
TargetImage: C:\windows\System32\svchost.exe
GrantedAccess: 0x1000
CallTrace: C:\windows\SYSTEM32\ntdll.dll+9c534|C:\windows\System32\KERNELBASE.dll+6a7f5|c:\windows\system32\lsm.dll+f6ba|C:\windows\System32\RPCRT4.dll+76953|C:\windows\System32\RPCRT4.dll+da036|C:\windows\System32\RPCRT4.dll+37a4c|C:\windows\System32\RPCRT4.dll+548c8|C:\windows\System32\RPCRT4.dll+2c921|C:\windows\System32\RPCRT4.dll+2c1db|C:\windows\System32\RPCRT4.dll+1a86f|C:\windows\System32\RPCRT4.dll+19d1a|C:\windows\System32\RPCRT4.dll+19301|C:\windows\System32\RPCRT4.dll+18d6e|C:\windows\System32\RPCRT4.dll+169a5|C:\windows\SYSTEM32\ntdll.dll+333ed|C:\windows\SYSTEM32\ntdll.dll+34142|C:\windows\System32\KERNEL32.DLL+17bd4|C:\windows\SYSTEM32\ntdll.dll+6ce51"
,10,,Microsoft-Windows-Sysmon/Operational,,,,2020-08-07 14:33:00.009,,,,C:\windows\system32\svchost.exe,C:\windows\System32\svchost.exe,0x1000,,,,,-,,C:\windows\SYSTEM32\ntdll.dll+9c534|C:\windows\System32\KERNELBASE.dll+6a7f5|c:\windows\system32\lsm.dll+f97f|c:\windows\system32\lsm.dll+f7ad|C:\windows\System32\RPCRT4.dll+76953|C:\windows\System32\RPCRT4.dll+da036|C:\windows\System32\RPCRT4.dll+37a4c|C:\windows\System32\RPCRT4.dll+548c8|C:\windows\System32\RPCRT4.dll+2c921|C:\windows\System32\RPCRT4.dll+2c1db|C:\windows\System32\RPCRT4.dll+1a86f|C:\windows\System32\RPCRT4.dll+19d1a|C:\windows\System32\RPCRT4.dll+19301|C:\windows\System32\RPCRT4.dll+18d6e|C:\windows\System32\RPCRT4.dll+169a5|C:\windows\SYSTEM32\ntdll.dll+333ed|C:\windows\SYSTEM32\ntdll.dll+34142|C:\windows\System32\KERNEL32.DLL+17bd4|C:\windows\SYSTEM32\ntdll.dll+6ce51,"Process accessed:
RuleName: -
UtcTime: 2020-08-07 14:33:00.009
SourceProcessGUID: {297bc33e-5c2f-5f2b-1200-000000000400}
SourceProcessId: 452
SourceThreadId: 2732
SourceImage: C:\windows\system32\svchost.exe
TargetProcessGUID: {297bc33e-5c35-5f2b-4700-000000000400}
TargetProcessId: 3140
TargetImage: C:\windows\System32\svchost.exe
GrantedAccess: 0x1000
CallTrace: C:\windows\SYSTEM32\ntdll.dll+9c534|C:\windows\System32\KERNELBASE.dll+6a7f5|c:\windows\system32\lsm.dll+f97f|c:\windows\system32\lsm.dll+f7ad|C:\windows\System32\RPCRT4.dll+76953|C:\windows\System32\RPCRT4.dll+da036|C:\windows\System32\RPCRT4.dll+37a4c|C:\windows\System32\RPCRT4.dll+548c8|C:\windows\System32\RPCRT4.dll+2c921|C:\windows\System32\RPCRT4.dll+2c1db|C:\windows\System32\RPCRT4.dll+1a86f|C:\windows\System32\RPCRT4.dll+19d1a|C:\windows\System32\RPCRT4.dll+19301|C:\windows\System32\RPCRT4.dll+18d6e|C:\windows\System32\RPCRT4.dll+169a5|C:\windows\SYSTEM32\ntdll.dll+333ed|C:\windows\SYSTEM32\ntdll.dll+34142|C:\windows\System32\KERNEL32.DLL+17bd4|C:\windows\SYSTEM32\ntdll.dll+6ce51"
,7,,Microsoft-Windows-Sysmon/Operational,,,,2020-08-07 14:32:56.087,,,,,,,,,,,-,,,"Image loaded:
RuleName: -
UtcTime: 2020-08-07 14:32:56.087
ProcessGuid: {297bc33e-65d0-5f2d-8207-000000000400}
ProcessId: 1648
Image: C:\Windows\System32\WindowsPowerShell\v1.0\powershell.exe
ImageLoaded: C:\Windows\System32\winsta.dll
FileVersion: 10.0.18362.836 (WinBuild.160101.0800)
Description: Winstation Library
Product: Microsoft® Windows® Operating System
Company: Microsoft Corporation
OriginalFileName: winsta.dll
Hashes: SHA1=BC666F6AC9985FD99FA974398A63EFDF68E5F766,MD5=7F83AD032FE8C2A85FD1BFC6A2C8ECCA,SHA256=3F597058770B12ABF3697B01237FDB79E7EEAE3A4038E76B7EFCCAADEA633952,IMPHASH=804811DBB54325C74F39C5B286FBDF29
Signed: true
Signature: Microsoft Windows
SignatureStatus: Valid"
,10,,Microsoft-Windows-Sysmon/Operational,,,,2020-08-07 14:33:00.025,,,,C:\windows\system32\svchost.exe,C:\windows\System32\svchost.exe,0x1000,,,,,-,,C:\windows\SYSTEM32\ntdll.dll+9c534|C:\windows\System32\KERNELBASE.dll+6a7f5|c:\windows\system32\lsm.dll+111b6|C:\windows\System32\RPCRT4.dll+76953|C:\windows\System32\RPCRT4.dll+da036|C:\windows\System32\RPCRT4.dll+37a4c|C:\windows\System32\RPCRT4.dll+548c8|C:\windows\System32\RPCRT4.dll+2c921|C:\windows\System32\RPCRT4.dll+2c1db|C:\windows\System32\RPCRT4.dll+1a86f|C:\windows\System32\RPCRT4.dll+19d1a|C:\windows\System32\RPCRT4.dll+19301|C:\windows\System32\RPCRT4.dll+18d6e|C:\windows\System32\RPCRT4.dll+169a5|C:\windows\SYSTEM32\ntdll.dll+333ed|C:\windows\SYSTEM32\ntdll.dll+34142|C:\windows\System32\KERNEL32.DLL+17bd4|C:\windows\SYSTEM32\ntdll.dll+6ce51,"Process accessed:
RuleName: -
UtcTime: 2020-08-07 14:33:00.025
SourceProcessGUID: {297bc33e-5c2f-5f2b-1200-000000000400}
SourceProcessId: 452
SourceThreadId: 2732
SourceImage: C:\windows\system32\svchost.exe
TargetProcessGUID: {297bc33e-5c35-5f2b-4700-000000000400}
TargetProcessId: 3140
TargetImage: C:\windows\System32\svchost.exe
GrantedAccess: 0x1000
CallTrace: C:\windows\SYSTEM32\ntdll.dll+9c534|C:\windows\System32\KERNELBASE.dll+6a7f5|c:\windows\system32\lsm.dll+111b6|C:\windows\System32\RPCRT4.dll+76953|C:\windows\System32\RPCRT4.dll+da036|C:\windows\System32\RPCRT4.dll+37a4c|C:\windows\System32\RPCRT4.dll+548c8|C:\windows\System32\RPCRT4.dll+2c921|C:\windows\System32\RPCRT4.dll+2c1db|C:\windows\System32\RPCRT4.dll+1a86f|C:\windows\System32\RPCRT4.dll+19d1a|C:\windows\System32\RPCRT4.dll+19301|C:\windows\System32\RPCRT4.dll+18d6e|C:\windows\System32\RPCRT4.dll+169a5|C:\windows\SYSTEM32\ntdll.dll+333ed|C:\windows\SYSTEM32\ntdll.dll+34142|C:\windows\System32\KERNEL32.DLL+17bd4|C:\windows\SYSTEM32\ntdll.dll+6ce51"
,7,,Microsoft-Windows-Sysmon/Operational,,,,2020-08-07 14:32:56.056,,,,,,,,,,,-,,,"Image loaded:
RuleName: -
UtcTime: 2020-08-07 14:32:56.056
ProcessGuid: {297bc33e-65d0-5f2d-8207-000000000400}
ProcessId: 1648
Image: C:\Windows\System32\WindowsPowerShell\v1.0\powershell.exe
ImageLoaded: C:\Windows\System32\devobj.dll
FileVersion: 10.0.18362.387 (WinBuild.160101.0800)
Description: Device Information Set DLL
Product: Microsoft® Windows® Operating System
Company: Microsoft Corporation
OriginalFileName: devinfoset.DLL
Hashes: SHA1=A0DA12E5DBE104959EE476F12FE63BA806EEC7FF,MD5=B59AFF332AF38FD472FE4FCE92242643,SHA256=3C079BAE94E2CE9C252B7CDC2F09A1C7AB6800C76472E27E80F6B1A319031273,IMPHASH=447F0775F553C78E0D9E8F85CDE9E875
Signed: true
Signature: Microsoft Windows
SignatureStatus: Valid"
,7,,Microsoft-Windows-Sysmon/Operational,,,,2020-08-07 14:32:56.009,,,,,,,,,,,-,,,"Image loaded:
RuleName: -
UtcTime: 2020-08-07 14:32:56.009
ProcessGuid: {297bc33e-65d0-5f2d-8207-000000000400}
ProcessId: 1648
Image: C:\Windows\System32\WindowsPowerShell\v1.0\powershell.exe
ImageLoaded: C:\Windows\System32\WinSCard.dll
FileVersion: 10.0.18362.1 (WinBuild.160101.0800)
Description: Microsoft Smart Card API
Product: Microsoft® Windows® Operating System
Company: Microsoft Corporation
OriginalFileName: winscard.dll
Hashes: SHA1=FD54EB073459BA8E7C27963AD904DC2082A775E5,MD5=BE2F50F882FB563F4136AA5D68BAD9F9,SHA256=ED133C149DC0824462148478CE947D22B56DAAC57A8E480F3BA42D3D076BCF15,IMPHASH=35E4FED4D4FD8961F3E5EE53CC15915E
Signed: true
Signature: Microsoft Windows
SignatureStatus: Valid"
,3,,Microsoft-Windows-Sysmon/Operational,,,,2020-08-07 14:32:38.499,System,,,,,,fe80:0:0:0:3816:b2ee:1b9b:324b,445,,NT AUTHORITY\SYSTEM,-,,,"Network connection detected:
RuleName: -
UtcTime: 2020-08-07 14:32:38.499
ProcessGuid: {9f85ce58-59d1-5f2b-0100-000000000400}
ProcessId: 4
Image: System
User: NT AUTHORITY\SYSTEM
Protocol: tcp
Initiated: true
SourceIsIpv6: true
SourceIp: fe80:0:0:0:3816:b2ee:1b9b:324b
SourceHostname: -
SourcePort: 54215
SourcePortName: -
DestinationIsIpv6: true
DestinationIp: fe80:0:0:0:3816:b2ee:1b9b:324b
DestinationHostname: -
DestinationPort: 445
DestinationPortName: -"
,3,,Microsoft-Windows-Sysmon/Operational,,,,2020-08-07 14:32:38.499,System,,,,,,fe80:0:0:0:3816:b2ee:1b9b:324b,445,,NT AUTHORITY\SYSTEM,-,,,"Network connection detected:
RuleName: -
UtcTime: 2020-08-07 14:32:38.499
ProcessGuid: {9f85ce58-59d1-5f2b-0100-000000000400}
ProcessId: 4
Image: System
User: NT AUTHORITY\SYSTEM
Protocol: tcp
Initiated: false
SourceIsIpv6: true
SourceIp: fe80:0:0:0:3816:b2ee:1b9b:324b
SourceHostname: -
SourcePort: 54215
SourcePortName: -
DestinationIsIpv6: true
DestinationIp: fe80:0:0:0:3816:b2ee:1b9b:324b
DestinationHostname: -
DestinationPort: 445
DestinationPortName: -"
,7,,Microsoft-Windows-Sysmon/Operational,,,,2020-08-07 14:32:49.739,,,,,,,,,,,-,,,"Image loaded:
RuleName: -
UtcTime: 2020-08-07 14:32:49.739
ProcessGuid: {9f85ce58-5cd3-5f2b-7402-000000000400}
ProcessId: 4164
Image: C:\Windows\System32\svchost.exe
ImageLoaded: C:\Windows\System32\wmidcom.dll
FileVersion: 10.0.17763.1 (WinBuild.160101.0800)
Description: WMI
Product: Microsoft® Windows® Operating System
Company: Microsoft Corporation
OriginalFileName: wmidcom.dll
Hashes: SHA1=4C7308C2A323D850C3E5DCB88A32A1C7DF9CBE4F,MD5=A9BC5F3E3C6406C3C5ABE804FBF7BC76,SHA256=A0177FD4B7690A680E5EAC9BDC78E21117B523622607BCA47305EB74984CF901,IMPHASH=8461651332BA942E21A64DBF3E9E80F8
Signed: true
Signature: Microsoft Windows
SignatureStatus: Valid"
,7,,Microsoft-Windows-Sysmon/Operational,,,,2020-08-07 14:32:49.739,,,,,,,,,,,-,,,"Image loaded:
RuleName: -
UtcTime: 2020-08-07 14:32:49.739
ProcessGuid: {9f85ce58-5cd3-5f2b-7402-000000000400}
ProcessId: 4164
Image: C:\Windows\System32\svchost.exe
ImageLoaded: C:\Windows\System32\dpapi.dll
FileVersion: 10.0.17763.1 (WinBuild.160101.0800)
Description: Data Protection API
Product: Microsoft® Windows® Operating System
Company: Microsoft Corporation
OriginalFileName: dpapi.dll
Hashes: SHA1=C50FDD4A17CA9451C66413BA04ED2CC79883AD16,MD5=CF864B08CEA15894A4E6E676A7FE89A3,SHA256=0D1488B2FF471C1EF2F8F2742D685A8778B2C1512A044BDF2606C3ED92E0B512,IMPHASH=C591E3A4DDFE145A26EEC16DB70623B7
Signed: true
Signature: Microsoft Windows
SignatureStatus: Valid"
,12,,Microsoft-Windows-Sysmon/Operational,,,,2020-08-07 14:32:51.208,,,,,,,,,,,-,,,"Registry object added or deleted:
RuleName: -
EventType: CreateKey
UtcTime: 2020-08-07 14:32:51.208
ProcessGuid: {297bc33e-65d0-5f2d-8207-000000000400}
ProcessId: 1648
Image: C:\windows\System32\WindowsPowerShell\v1.0\powershell.exe
TargetObject: HKU\S-1-5-21-1363495622-3806888128-621328882-1104\Software\Microsoft\Windows\CurrentVersion\Internet Settings\Connections"
,3,,Microsoft-Windows-Sysmon/Operational,,,,2020-08-07 14:32:51.140,C:\Windows\System32\WindowsPowerShell\v1.0\powershell.exe,,,,,,10.10.10.5,80,,THESHIRE\pgustavo,-,,,"Network connection detected:
RuleName: -
UtcTime: 2020-08-07 14:32:51.140
ProcessGuid: {297bc33e-65d0-5f2d-8207-000000000400}
ProcessId: 1648
Image: C:\Windows\System32\WindowsPowerShell\v1.0\powershell.exe
User: THESHIRE\pgustavo
Protocol: tcp
Initiated: true
SourceIsIpv6: false
SourceIp: 172.18.39.5
SourceHostname: -
SourcePort: 65385
SourcePortName: -
DestinationIsIpv6: false
DestinationIp: 10.10.10.5
DestinationHostname: -
DestinationPort: 80
DestinationPortName: -"
,10,,Microsoft-Windows-Sysmon/Operational,,,,2020-08-07 14:32:52.879,,,,C:\ProgramData\Microsoft\Windows Defender\platform\4.18.2007.8-0\MsMpEng.exe,C:\ProgramData\Microsoft\Windows Defender\platform\4.18.2007.8-0\NisSrv.exe,0x1400,,,,,-,,C:\windows\SYSTEM32\ntdll.dll+9c534|C:\windows\System32\KERNELBASE.dll+2726e|C:\ProgramData\Microsoft\Windows Defender\platform\4.18.2007.8-0\mpsvc.dll+19c1f3|C:\ProgramData\Microsoft\Windows Defender\platform\4.18.2007.8-0\mpsvc.dll+ebc9e|C:\ProgramData\Microsoft\Windows Defender\platform\4.18.2007.8-0\mpsvc.dll+f0546|C:\windows\System32\ucrtbase.dll+20e82|C:\windows\System32\KERNEL32.DLL+17bd4|C:\windows\SYSTEM32\ntdll.dll+6ce51,"Process accessed:
RuleName: -
UtcTime: 2020-08-07 14:32:52.879
SourceProcessGUID: {49a15388-7e4f-5f2b-b403-000000000400}
SourceProcessId: 860
SourceThreadId: 4436
SourceImage: C:\ProgramData\Microsoft\Windows Defender\platform\4.18.2007.8-0\MsMpEng.exe
TargetProcessGUID: {49a15388-e5fe-5f2c-2307-000000000400}
TargetProcessId: 5880
TargetImage: C:\ProgramData\Microsoft\Windows Defender\platform\4.18.2007.8-0\NisSrv.exe
GrantedAccess: 0x1400
CallTrace: C:\windows\SYSTEM32\ntdll.dll+9c534|C:\windows\System32\KERNELBASE.dll+2726e|C:\ProgramData\Microsoft\Windows Defender\platform\4.18.2007.8-0\mpsvc.dll+19c1f3|C:\ProgramData\Microsoft\Windows Defender\platform\4.18.2007.8-0\mpsvc.dll+ebc9e|C:\ProgramData\Microsoft\Windows Defender\platform\4.18.2007.8-0\mpsvc.dll+f0546|C:\windows\System32\ucrtbase.dll+20e82|C:\windows\System32\KERNEL32.DLL+17bd4|C:\windows\SYSTEM32\ntdll.dll+6ce51"
,7,,Microsoft-Windows-Sysmon/Operational,,,,2020-08-07 14:32:55.821,,,,,,,,,,,-,,,"Image loaded:
RuleName: -
UtcTime: 2020-08-07 14:32:55.821
ProcessGuid: {297bc33e-65d0-5f2d-8207-000000000400}
ProcessId: 1648
Image: C:\Windows\System32\WindowsPowerShell\v1.0\powershell.exe
ImageLoaded: C:\Windows\System32\cabinet.dll
FileVersion: 5.00 (WinBuild.160101.0800)
Description: Microsoft® Cabinet File API
Product: Microsoft® Windows® Operating System
Company: Microsoft Corporation
OriginalFileName: cabinet.dll
Hashes: SHA1=9E71C7231C6DAB9864AF90E8A10FA419577E835F,MD5=D52CE4DBB7605E76EE088CC7EB19D147,SHA256=86609D073F7F769DAF0C3B3E8EC32503D727932896C9C62925FD7979ECC42366,IMPHASH=70C2163A31BA0B9482E5CE33E0D2BEBF
Signed: true
Signature: Microsoft Windows
SignatureStatus: Valid"
,7,,Microsoft-Windows-Sysmon/Operational,,,,2020-08-07 14:32:55.837,,,,,,,,,,,-,,,"Image loaded:
RuleName: -
UtcTime: 2020-08-07 14:32:55.837
ProcessGuid: {297bc33e-65d0-5f2d-8207-000000000400}
ProcessId: 1648
Image: C:\Windows\System32\WindowsPowerShell\v1.0\powershell.exe
ImageLoaded: C:\Windows\System32\cryptdll.dll
FileVersion: 10.0.18362.113 (WinBuild.160101.0800)
Description: Cryptography Manager
Product: Microsoft® Windows® Operating System
Company: Microsoft Corporation
OriginalFileName: cryptdll.dll
Hashes: SHA1=BE97D68743A482E079B2444C526B2807A1A4944B,MD5=D688CD24DFA347ED9C3EFD8F7756D404,SHA256=F4BA3B1A3CFE6C67562642F012D1567510DA4BEFFA27FD4B4257A500158FC011,IMPHASH=EEE9E3C69E3AA8A672BA845111314DF0
Signed: true
Signature: Microsoft Windows
SignatureStatus: Valid"
,7,,Microsoft-Windows-Sysmon/Operational,,,,2020-08-07 14:32:55.900,,,,,,,,,,,-,,,"Image loaded:
RuleName: -
UtcTime: 2020-08-07 14:32:55.900
ProcessGuid: {297bc33e-65d0-5f2d-8207-000000000400}
ProcessId: 1648
Image: C:\Windows\System32\WindowsPowerShell\v1.0\powershell.exe
ImageLoaded: C:\Windows\System32\fltLib.dll
FileVersion: 10.0.18362.1 (WinBuild.160101.0800)
Description: Filter Library
Product: Microsoft® Windows® Operating System
Company: Microsoft Corporation
OriginalFileName: filterLib.dll
Hashes: SHA1=271C76A65E9B4EEB235A7160D5B1286CCE8C13FF,MD5=E202DD92848C5103C9ABF8ECD22BC539,SHA256=353F8D4E647A11F235F4262D913F7BAC4C4F266EAC4601EA416E861AFD611912,IMPHASH=1AC90E68C7E7F27FB14870BE142D19C0
Signed: true
Signature: Microsoft Windows
SignatureStatus: Valid"
,7,,Microsoft-Windows-Sysmon/Operational,,,,2020-08-07 14:32:55.900,,,,,,,,,,,-,,,"Image loaded:
RuleName: -
UtcTime: 2020-08-07 14:32:55.900
ProcessGuid: {297bc33e-65d0-5f2d-8207-000000000400}
ProcessId: 1648
Image: C:\Windows\System32\WindowsPowerShell\v1.0\powershell.exe
ImageLoaded: C:\Windows\System32\netapi32.dll
FileVersion: 10.0.18362.1 (WinBuild.160101.0800)
Description: Net Win32 API DLL
Product: Microsoft® Windows® Operating System
Company: Microsoft Corporation
OriginalFileName: NetApi32.DLL
Hashes: SHA1=7DFDD188B30162DAA87FDD3E5B7A55C80CD839F1,MD5=86A9DF3FA9D5FCAC8EF57601FCCD78F9,SHA256=F8CDA38FD3FF371E772875EA657A37662321EBB7AD8D6978DBCCCA7FC6DB64F1,IMPHASH=7D4E1695394CF47BD397AFD45A40E55D
Signed: true
Signature: Microsoft Windows
SignatureStatus: Valid"
,7,,Microsoft-Windows-Sysmon/Operational,,,,2020-08-07 14:32:55.900,,,,,,,,,,,-,,,"Image loaded:
RuleName: -
UtcTime: 2020-08-07 14:32:55.900
ProcessGuid: {297bc33e-65d0-5f2d-8207-000000000400}
ProcessId: 1648
Image: C:\Windows\System32\WindowsPowerShell\v1.0\powershell.exe
ImageLoaded: C:\Windows\System32\srvcli.dll
FileVersion: 10.0.18362.1 (WinBuild.160101.0800)
Description: Server Service Client DLL
Product: Microsoft® Windows® Operating System
Company: Microsoft Corporation
OriginalFileName: SRVCLI.DLL
Hashes: SHA1=362C9F3CF727083176FAFA9F1C617DBB74A21D94,MD5=7EF028BF08D65A648CA1CCB990F56E76,SHA256=7C0BB0E011E290FEBEB41C12224C8D68809D41B38478A3FD570D040893D57BEF,IMPHASH=E32350B7225B622F35EF63D2D7D7E728
Signed: true
Signature: Microsoft Windows
SignatureStatus: Valid"
,7,,Microsoft-Windows-Sysmon/Operational,,,,2020-08-07 14:32:55.915,,,,,,,,,,,-,,,"Image loaded:
RuleName: -
UtcTime: 2020-08-07 14:32:55.915
ProcessGuid: {297bc33e-65d0-5f2d-8207-000000000400}
ProcessId: 1648
Image: C:\Windows\System32\WindowsPowerShell\v1.0\powershell.exe
ImageLoaded: C:\Windows\System32\wkscli.dll
FileVersion: 10.0.18362.1 (WinBuild.160101.0800)
Description: Workstation Service Client DLL
Product: Microsoft® Windows® Operating System
Company: Microsoft Corporation
OriginalFileName: WKSCLI.DLL
Hashes: SHA1=A857A75B030C2E2031EBFD26E23B2A8E69E4999A,MD5=9C24FF0EDBEB9DCDF269C0E8C2BA7EBB,SHA256=4E901CEA73190D8FA0F2A8AF40855215F8E4416CB5D9813BFF3E4432A4FC3F5C,IMPHASH=6C8F580B502F3E16CF5699B98EAEA4C9
Signed: true
Signature: Microsoft Windows
SignatureStatus: Valid"
,7,,Microsoft-Windows-Sysmon/Operational,,,,2020-08-07 14:32:55.915,,,,,,,,,,,-,,,"Image loaded:
RuleName: -
UtcTime: 2020-08-07 14:32:55.915
ProcessGuid: {297bc33e-65d0-5f2d-8207-000000000400}
ProcessId: 1648
Image: C:\Windows\System32\WindowsPowerShell\v1.0\powershell.exe
ImageLoaded: C:\Windows\System32\logoncli.dll
FileVersion: 10.0.18362.959 (WinBuild.160101.0800)
Description: Net Logon Client DLL
Product: Microsoft® Windows® Operating System
Company: Microsoft Corporation
OriginalFileName: LOGONCLI.DLL
Hashes: SHA1=7ECC71CB7CE9147DD657AB1AE35886BA7DC756B4,MD5=F6C3A9388EAA0F34A4F96B21C0758FD2,SHA256=922455AD67DB41092375EEBF257F2FAF7C4533F7D387C3BE148EC46314FE765F,IMPHASH=B27E185C2CB3C781CFC023BF7643672A
Signed: true
Signature: Microsoft Windows
SignatureStatus: Valid"
,7,,Microsoft-Windows-Sysmon/Operational,,,,2020-08-07 14:32:55.915,,,,,,,,,,,-,,,"Image loaded:
RuleName: -
UtcTime: 2020-08-07 14:32:55.915
ProcessGuid: {297bc33e-65d0-5f2d-8207-000000000400}
ProcessId: 1648
Image: C:\Windows\System32\WindowsPowerShell\v1.0\powershell.exe
ImageLoaded: C:\Windows\System32\netutils.dll
FileVersion: 10.0.18362.1 (WinBuild.160101.0800)
Description: Net Win32 API Helpers DLL
Product: Microsoft® Windows® Operating System
Company: Microsoft Corporation
OriginalFileName: NETUTILS.DLL
Hashes: SHA1=F2859AF15CED4F162359CC8C1BA1B1FE85DC8867,MD5=56B24BF15E6E88A2D6EF9AFC26BF7FCF,SHA256=74DC0C738188BBF385E9C3295C9904A6CEF4A947AFB71F2A0825037BBB27C92A,IMPHASH=06BB7C9ADD27BBA7B9DE3ADCE76673AB
Signed: true
Signature: Microsoft Windows
SignatureStatus: Valid"
,7,,Microsoft-Windows-Sysmon/Operational,,,,2020-08-07 14:32:55.931,,,,,,,,,,,-,,,"Image loaded:
RuleName: -
UtcTime: 2020-08-07 14:32:55.931
ProcessGuid: {297bc33e-65d0-5f2d-8207-000000000400}
ProcessId: 1648
Image: C:\Windows\System32\WindowsPowerShell\v1.0\powershell.exe
ImageLoaded: C:\Windows\System32\samlib.dll
FileVersion: 10.0.18362.752 (WinBuild.160101.0800)
Description: SAM Library DLL
Product: Microsoft® Windows® Operating System
Company: Microsoft Corporation
OriginalFileName: SAMLib.DLL
Hashes: SHA1=8D98809483E27D5119F3373887D204012BCEBA71,MD5=D300A64CC99C272F94EA040930B4F739,SHA256=C515B46B258B80A56426BD11E283374C9627BFC17E9E5DC60300FC46ACBA8445,IMPHASH=3B8923EB77916A851639B50DFA19881B
Signed: true
Signature: Microsoft Windows
SignatureStatus: Valid"
,7,,Microsoft-Windows-Sysmon/Operational,,,,2020-08-07 14:32:55.963,,,,,,,,,,,-,,,"Image loaded:
RuleName: -
UtcTime: 2020-08-07 14:32:55.963
ProcessGuid: {297bc33e-65d0-5f2d-8207-000000000400}
ProcessId: 1648
Image: C:\Windows\System32\WindowsPowerShell\v1.0\powershell.exe
ImageLoaded: C:\Windows\System32\hid.dll
FileVersion: 10.0.18362.1 (WinBuild.160101.0800)
Description: Hid User Library
Product: Microsoft® Windows® Operating System
Company: Microsoft Corporation
OriginalFileName: hid.dll
Hashes: SHA1=943BEA1197D2315956AB9CB157026DEB22F1AFB4,MD5=A5AE4AE12AE7CADA9B6A8CF9D28E3F6F,SHA256=A2DC3039C8C8618822C2940EAD78B9961C6EC25A82375C2A8A41FE1EAA370AC1,IMPHASH=EFF72FC915DA9B8FB7144C32F49500CC
Signed: true
Signature: Microsoft Windows
SignatureStatus: Valid"
,7,,Microsoft-Windows-Sysmon/Operational,,,,2020-08-07 14:32:56.009,,,,,,,,,,,-,,,"Image loaded:
RuleName: -
UtcTime: 2020-08-07 14:32:56.009
ProcessGuid: {297bc33e-65d0-5f2d-8207-000000000400}
ProcessId: 1648
Image: C:\Windows\System32\WindowsPowerShell\v1.0\powershell.exe
ImageLoaded: C:\Windows\System32\setupapi.dll
FileVersion: 10.0.18362.1 (WinBuild.160101.0800)
Description: Windows Setup API
Product: Microsoft® Windows® Operating System
Company: Microsoft Corporation
OriginalFileName: SETUPAPI.DLL
Hashes: SHA1=2EB4B872612BFEF3697F7CD2948044A16B98B51B,MD5=04B058D188908EB631CED20F7B2EA3D9,SHA256=F9AA66AA0B302FD79D34447C371816237D8915F371CD53F19744B720B6A03B99,IMPHASH=C99B549EFE7A882B1FC7F457615E8522
Signed: true
Signature: Microsoft Windows
SignatureStatus: Valid"
,10,,Microsoft-Windows-Sysmon/Operational,,,,2020-08-07 14:33:00.025,,,,C:\windows\system32\svchost.exe,C:\windows\System32\svchost.exe,0x40,,,,,-,,C:\windows\SYSTEM32\ntdll.dll+9c534|C:\windows\System32\KERNELBASE.dll+2726e|c:\windows\system32\lsm.dll+1a207|C:\windows\System32\RPCRT4.dll+76953|C:\windows\System32\RPCRT4.dll+da036|C:\windows\System32\RPCRT4.dll+38289|C:\windows\System32\combase.dll+9e2bf|C:\windows\System32\combase.dll+154c3|C:\windows\System32\combase.dll+152b3|C:\windows\System32\combase.dll+a1166|C:\windows\System32\combase.dll+3c3fa|C:\windows\System32\combase.dll+9cdad|C:\windows\System32\combase.dll+52acc|C:\windows\System32\combase.dll+53331|C:\windows\System32\combase.dll+54ad8|C:\windows\System32\RPCRT4.dll+548c8|C:\windows\System32\RPCRT4.dll+2c921|C:\windows\System32\RPCRT4.dll+2c470|C:\windows\System32\RPCRT4.dll+1a6bf|C:\windows\System32\RPCRT4.dll+19d1a|C:\windows\System32\RPCRT4.dll+19301|C:\windows\System32\RPCRT4.dll+18d6e|C:\windows\System32\RPCRT4.dll+169a5|C:\windows\SYSTEM32\ntdll.dll+333ed,"Process accessed:
RuleName: -
UtcTime: 2020-08-07 14:33:00.025
SourceProcessGUID: {297bc33e-5c2f-5f2b-1200-000000000400}
SourceProcessId: 452
SourceThreadId: 2732
SourceImage: C:\windows\system32\svchost.exe
TargetProcessGUID: {297bc33e-5c30-5f2b-1600-000000000400}
TargetProcessId: 1032
TargetImage: C:\windows\System32\svchost.exe
GrantedAccess: 0x40
CallTrace: C:\windows\SYSTEM32\ntdll.dll+9c534|C:\windows\System32\KERNELBASE.dll+2726e|c:\windows\system32\lsm.dll+1a207|C:\windows\System32\RPCRT4.dll+76953|C:\windows\System32\RPCRT4.dll+da036|C:\windows\System32\RPCRT4.dll+38289|C:\windows\System32\combase.dll+9e2bf|C:\windows\System32\combase.dll+154c3|C:\windows\System32\combase.dll+152b3|C:\windows\System32\combase.dll+a1166|C:\windows\System32\combase.dll+3c3fa|C:\windows\System32\combase.dll+9cdad|C:\windows\System32\combase.dll+52acc|C:\windows\System32\combase.dll+53331|C:\windows\System32\combase.dll+54ad8|C:\windows\System32\RPCRT4.dll+548c8|C:\windows\System32\RPCRT4.dll+2c921|C:\windows\System32\RPCRT4.dll+2c470|C:\windows\System32\RPCRT4.dll+1a6bf|C:\windows\System32\RPCRT4.dll+19d1a|C:\windows\System32\RPCRT4.dll+19301|C:\windows\System32\RPCRT4.dll+18d6e|C:\windows\System32\RPCRT4.dll+169a5|C:\windows\SYSTEM32\ntdll.dll+333ed"
,10,,Microsoft-Windows-Sysmon/Operational,,,,2020-08-07 14:33:00.008,,,,C:\windows\system32\svchost.exe,C:\windows\System32\svchost.exe,0x1000,,,,,-,,C:\windows\SYSTEM32\ntdll.dll+9c534|C:\windows\System32\KERNELBASE.dll+6a7f5|c:\windows\system32\lsm.dll+10225|C:\windows\System32\RPCRT4.dll+76953|C:\windows\System32\RPCRT4.dll+da036|C:\windows\System32\RPCRT4.dll+37a4c|C:\windows\System32\RPCRT4.dll+548c8|C:\windows\System32\RPCRT4.dll+2c921|C:\windows\System32\RPCRT4.dll+2c1db|C:\windows\System32\RPCRT4.dll+1a86f|C:\windows\System32\RPCRT4.dll+19d1a|C:\windows\System32\RPCRT4.dll+19301|C:\windows\System32\RPCRT4.dll+18d6e|C:\windows\System32\RPCRT4.dll+169a5|C:\windows\SYSTEM32\ntdll.dll+333ed|C:\windows\SYSTEM32\ntdll.dll+34142|C:\windows\System32\KERNEL32.DLL+17bd4|C:\windows\SYSTEM32\ntdll.dll+6ce51,"Process accessed:
RuleName: -
UtcTime: 2020-08-07 14:33:00.008
SourceProcessGUID: {49a15388-5c39-5f2b-1200-000000000400}
SourceProcessId: 380
SourceThreadId: 5924
SourceImage: C:\windows\system32\svchost.exe
TargetProcessGUID: {49a15388-5c40-5f2b-4700-000000000400}
TargetProcessId: 3268
TargetImage: C:\windows\System32\svchost.exe
GrantedAccess: 0x1000
CallTrace: C:\windows\SYSTEM32\ntdll.dll+9c534|C:\windows\System32\KERNELBASE.dll+6a7f5|c:\windows\system32\lsm.dll+10225|C:\windows\System32\RPCRT4.dll+76953|C:\windows\System32\RPCRT4.dll+da036|C:\windows\System32\RPCRT4.dll+37a4c|C:\windows\System32\RPCRT4.dll+548c8|C:\windows\System32\RPCRT4.dll+2c921|C:\windows\System32\RPCRT4.dll+2c1db|C:\windows\System32\RPCRT4.dll+1a86f|C:\windows\System32\RPCRT4.dll+19d1a|C:\windows\System32\RPCRT4.dll+19301|C:\windows\System32\RPCRT4.dll+18d6e|C:\windows\System32\RPCRT4.dll+169a5|C:\windows\SYSTEM32\ntdll.dll+333ed|C:\windows\SYSTEM32\ntdll.dll+34142|C:\windows\System32\KERNEL32.DLL+17bd4|C:\windows\SYSTEM32\ntdll.dll+6ce51"
,10,,Microsoft-Windows-Sysmon/Operational,,,,2020-08-07 14:33:00.008,,,,C:\windows\system32\svchost.exe,C:\windows\System32\svchost.exe,0x1000,,,,,-,,C:\windows\SYSTEM32\ntdll.dll+9c534|C:\windows\System32\KERNELBASE.dll+6a7f5|c:\windows\system32\lsm.dll+108a0|C:\windows\System32\RPCRT4.dll+76953|C:\windows\System32\RPCRT4.dll+da036|C:\windows\System32\RPCRT4.dll+37a4c|C:\windows\System32\RPCRT4.dll+548c8|C:\windows\System32\RPCRT4.dll+2c921|C:\windows\System32\RPCRT4.dll+2c1db|C:\windows\System32\RPCRT4.dll+1a86f|C:\windows\System32\RPCRT4.dll+19d1a|C:\windows\System32\RPCRT4.dll+19301|C:\windows\System32\RPCRT4.dll+18d6e|C:\windows\System32\RPCRT4.dll+169a5|C:\windows\SYSTEM32\ntdll.dll+333ed|C:\windows\SYSTEM32\ntdll.dll+34142|C:\windows\System32\KERNEL32.DLL+17bd4|C:\windows\SYSTEM32\ntdll.dll+6ce51,"Process accessed:
RuleName: -
UtcTime: 2020-08-07 14:33:00.008
SourceProcessGUID: {49a15388-5c39-5f2b-1200-000000000400}
SourceProcessId: 380
SourceThreadId: 5924
SourceImage: C:\windows\system32\svchost.exe
TargetProcessGUID: {49a15388-5c40-5f2b-4700-000000000400}
TargetProcessId: 3268
TargetImage: C:\windows\System32\svchost.exe
GrantedAccess: 0x1000
CallTrace: C:\windows\SYSTEM32\ntdll.dll+9c534|C:\windows\System32\KERNELBASE.dll+6a7f5|c:\windows\system32\lsm.dll+108a0|C:\windows\System32\RPCRT4.dll+76953|C:\windows\System32\RPCRT4.dll+da036|C:\windows\System32\RPCRT4.dll+37a4c|C:\windows\System32\RPCRT4.dll+548c8|C:\windows\System32\RPCRT4.dll+2c921|C:\windows\System32\RPCRT4.dll+2c1db|C:\windows\System32\RPCRT4.dll+1a86f|C:\windows\System32\RPCRT4.dll+19d1a|C:\windows\System32\RPCRT4.dll+19301|C:\windows\System32\RPCRT4.dll+18d6e|C:\windows\System32\RPCRT4.dll+169a5|C:\windows\SYSTEM32\ntdll.dll+333ed|C:\windows\SYSTEM32\ntdll.dll+34142|C:\windows\System32\KERNEL32.DLL+17bd4|C:\windows\SYSTEM32\ntdll.dll+6ce51"
,7,,Microsoft-Windows-Sysmon/Operational,,,,2020-08-07 14:33:02.247,,,,,,,,,,,-,,,"Image loaded:
RuleName: -
UtcTime: 2020-08-07 14:33:02.247
ProcessGuid: {9f85ce58-5a6a-5f2b-a900-000000000400}
ProcessId: 3052
Image: C:\Windows\System32\svchost.exe
ImageLoaded: C:\Windows\System32\perfctrs.dll
FileVersion: 10.0.17763.1 (WinBuild.160101.0800)
Description: Performance Counters
Product: Microsoft® Windows® Operating System
Company: Microsoft Corporation
OriginalFileName: PERFCTRS.DLL
Hashes: SHA1=F81D76B9C3499F8712FA6398554C10D389103930,MD5=27EAC9BA127C20BEEBF0BE4179ECC380,SHA256=28A8E73239C7556FD420A5A09A05CBD04C38230E0CBEAEF7D6874135261221EE,IMPHASH=E8B7A8ECDACB5ADA645B4DF7BF877CFE
Signed: true
Signature: Microsoft Windows
SignatureStatus: Valid"
,7,,Microsoft-Windows-Sysmon/Operational,,,,2020-08-07 14:33:02.263,,,,,,,,,,,-,,,"Image loaded:
RuleName: -
UtcTime: 2020-08-07 14:33:02.263
ProcessGuid: {9f85ce58-5a6a-5f2b-a900-000000000400}
ProcessId: 3052
Image: C:\Windows\System32\svchost.exe
ImageLoaded: C:\Windows\System32\perfctrs.dll
FileVersion: 10.0.17763.1 (WinBuild.160101.0800)
Description: Performance Counters
Product: Microsoft® Windows® Operating System
Company: Microsoft Corporation
OriginalFileName: PERFCTRS.DLL
Hashes: SHA1=F81D76B9C3499F8712FA6398554C10D389103930,MD5=27EAC9BA127C20BEEBF0BE4179ECC380,SHA256=28A8E73239C7556FD420A5A09A05CBD04C38230E0CBEAEF7D6874135261221EE,IMPHASH=E8B7A8ECDACB5ADA645B4DF7BF877CFE
Signed: true
Signature: Microsoft Windows
SignatureStatus: Valid"
,7,,Microsoft-Windows-Sysmon/Operational,,,,2020-08-07 14:33:02.278,,,,,,,,,,,-,,,"Image loaded:
RuleName: -
